<?xml version="1.0" encoding="UTF-8"?>
<!-- Generated by org.testng.reporters.JUnitReportReporter -->
<testsuite skipped="0" hostname="ip-172-31-17-6" name="com.jdbc.connectJdbc.testNg" tests="3" failures="0" timestamp="2023-03-24T06:44:41 UTC" time="7.129" errors="0">
  <testcase name="Test1" time="2.129" classname="com.jdbc.connectJdbc.testNg"/>
  <system-out/>
  <testcase name="Test2" time="2.128" classname="com.jdbc.connectJdbc.testNg"/>
  <system-out/>
  <testcase name="Test" time="2.872" classname="com.jdbc.connectJdbc.testNg"/>
  <system-out/>
</testsuite> <!-- com.jdbc.connectJdbc.testNg -->
