<?xml version="1.0" encoding="UTF-8"?>
<!-- Generated by org.testng.reporters.JUnitReportReporter -->
<testsuite skipped="0" hostname="ip-172-31-17-6" name="com.jdbc.connectJdbc.testNg" tests="3" failures="0" timestamp="24 Mar 2023 11:27:21 GMT" time="8.835" errors="0">
  <testcase name="Test" time="3.578" classname="com.jdbc.connectJdbc.testNg"/>
  <testcase name="Test2" time="2.697" classname="com.jdbc.connectJdbc.testNg"/>
  <testcase name="Test1" time="2.560" classname="com.jdbc.connectJdbc.testNg"/>
</testsuite> <!-- com.jdbc.connectJdbc.testNg -->
